[     953ms] [ERROR] Connecting to 'https://firebaseinstallations.googleapis.com/v1/projects/byted-ucenter/installations' violates the following Content Security Policy directive: "connect-src 'self' *.0kkkkkt.com:* *.a.bdycdn.cn *.amap.com:* *.amemv.com:* *.baidu.com:* *.bdxigualive.com:* *.bestv.com.cn:* *.byted-static.com *.bytedance.com *.bytedance.net *.bytednsdoc.com *.bytefcdn.com:* *.bytefcdnrd.com:* *.bytegoofy.com *.byteimg.com *.bytescm.com *.bytetcc.com *.bytetos.com *.douyincdn.com:* *.douyinliving.com:* *.douyinvod.com:* *.dy.zzcdnx.com:* *.hiecheimaetu.com:* *.hizhecheng.com:* *.huoshanlive.com:* *.ibytedapm.com *.idouyinvod.com:* *.ietheivaicai.com:* *.ihuoshanlive.com:* *.iquaveizeeru.com:* *.ixigua.com:* *.jomodns.com:* *.jomoxc.com *.jomoxd.com *.ksyungslb.com:* *.ksyungslb2.com:* *.livehwc3.cn:* *.node.ppio.cloud:* *.ourdvsss.com:* *.picovr.com:* *.ppio.cloud:* *.pstatp.com *.pstatp.com:* *.qc.bsccdn.net:* *.qnqcdn.net:* *.saxydc.com:* *.saxyit.com:* *.saxysec.com:* *.sealaly.net:* *.shidianguji.com *.siomxity.cn:* *.siomxity.com:* *.siomxity.net:* *.sjxydc.com:* *.sjxysec.com:* *.smogfly.cloud:* *.smogfly.club:* *.smtcdns.com:* *.smtcdns.net:* *.snssdk.com *.souajki.cn:* *.souajki.com:* *.souajki.net:* *.tbcache.com:* *.tt.x.bsgslb.cn:* *.ugslb.com:* *.uochly.cn:* *.vegslb.com:* *.volccdn.com:* *.volcsirius.com:* *.volcsiriusbd.com:* *.volctranscdn.com:* *.weilayun.com:* *.xsj.wasu.tv:* *.yhgfb-cn-static.com *.zebracdn.com:* *.zijieapi.com bytescm.com bytetos.com hm.baidu.com huatuo.cn.goofy.app ibytedapm.com shidianguji.com". The action has been blocked. @ https://lf-c-flwb.bytetos.com/obj/rc-client-security/web/glue/1.0.0.62/sdk-glue.js:1
[     953ms] [ERROR] Fetch API cannot load https://firebaseinstallations.googleapis.com/v1/projects/byted-ucenter/installations. Refused to connect because it violates the document's Content Security Policy. @ https://lf-c-flwb.bytetos.com/obj/rc-client-security/web/glue/1.0.0.62/sdk-glue.js:1
[    1209ms] [ERROR] TypeError: Failed to fetch
    at https://lf-c-flwb.bytetos.com/obj/rc-client-security/web/glue/1.0.0.62/sdk-glue.js:2:9809
    at Object.onRequest (eval at <anonymous> (https://lf-security.bytegoofy.com/obj/security-secsdk/runtime-v1.0.0.js:5:5036), <anonymous>:5:37813)
    at t.value (eval at <anonymous> (https://lf-security.bytegoofy.com/obj/security-secsdk/runtime-v1.0.0.js:5:5036), <anonymous>:5:33702)
    at t.value (eval at <anonymous> (https://lf-security.bytegoofy.com/obj/security-secsdk/runtime-v1.0.0.js:5:5036), <anonymous>:5:34210)
    at Object.l [as onRequest] (eval at <anonymous> (https://lf-security.bytegoofy.com/obj/security-secsdk/runtime-v1.0.0.js:5:5036), <anonymous>:5:35335)
    at window.fetch (eval at <anonymous> (https://lf-security.bytegoofy.com/obj/security-secsdk/runtime-v1.0.0.js:5:5036), <anonymous>:5:39177)
    at https://lf-welfare.amemv.com/obj/douyin-welfare-image/guji/shidian/chunk/8227.40ef1e30.js:1:92900
    at b (https://lf-welfare.amemv.com/obj/douyin-welfare-image/guji/shidian/chunk/8227.40ef1e30.js:1:92545)
    at v (https://lf-welfare.amemv.com/obj/douyin-welfare-image/guji/shidian/chunk/8227.40ef1e30.js:1:92894)
    at async O (https://lf-welfare.amemv.com/obj/douyin-welfare-image/guji/shidian/chunk/8227.40ef1e30.js:1:95109) @ :0
[    1692ms] [ERROR] countVolumeVersion error {"errorCode":31000,"errorMsg":""} @ https://lf-welfare.amemv.com/obj/douyin-welfare-image/guji/shidian/744.22de8bc3.js:0
[    1695ms] Error: Typeset failed for chapter 1lzu4928m0xln: {"errorCode":31000,"errorMsg":""}
    at t.<anonymous> (https://lf-welfare.amemv.com/obj/douyin-welfare-image/guji/shidian/5084.9dcd5b77.js:1:192603)
    at Object.<anonymous> (https://lf-welfare.amemv.com/obj/douyin-welfare-image/guji/shidian/chunk/4080.342be056.js:1:224646)
    at n (https://lf-welfare.amemv.com/obj/douyin-welfare-image/guji/shidian/chunk/4080.342be056.js:1:217505)
    at u (https://lf-welfare.amemv.com/obj/douyin-welfare-image/guji/shidian/chunk/4080.342be056.js:1:217702)
[    1696ms] Error: Typeset failed for chapter 1lzu4928m0xln: {"errorCode":31000,"errorMsg":""}
    at t.<anonymous> (https://lf-welfare.amemv.com/obj/douyin-welfare-image/guji/shidian/5084.9dcd5b77.js:1:192603)
    at Object.<anonymous> (https://lf-welfare.amemv.com/obj/douyin-welfare-image/guji/shidian/chunk/4080.342be056.js:1:224646)
    at n (https://lf-welfare.amemv.com/obj/douyin-welfare-image/guji/shidian/chunk/4080.342be056.js:1:217505)
    at u (https://lf-welfare.amemv.com/obj/douyin-welfare-image/guji/shidian/chunk/4080.342be056.js:1:217702)
[    1717ms] [ERROR] t: {"errorCode":31000,"errorMsg":""}
    at t.<anonymous> (https://lf-welfare.amemv.com/obj/douyin-welfare-image/guji/shidian/5084.9dcd5b77.js:1:192603)
    at Object.<anonymous> (https://lf-welfare.amemv.com/obj/douyin-welfare-image/guji/shidian/chunk/4080.342be056.js:1:224646)
    at n (https://lf-welfare.amemv.com/obj/douyin-welfare-image/guji/shidian/chunk/4080.342be056.js:1:217505)
    at u (https://lf-welfare.amemv.com/obj/douyin-welfare-image/guji/shidian/chunk/4080.342be056.js:1:217702) @ https://lf-welfare.amemv.com/obj/douyin-welfare-image/guji/shidian/9438.09bc5fb1.js:0
[   22556ms] [ERROR] Connecting to 'https://firebaseinstallations.googleapis.com/v1/projects/byted-ucenter/installations' violates the following Content Security Policy directive: "connect-src 'self' *.0kkkkkt.com:* *.a.bdycdn.cn *.amap.com:* *.amemv.com:* *.baidu.com:* *.bdxigualive.com:* *.bestv.com.cn:* *.byted-static.com *.bytedance.com *.bytedance.net *.bytednsdoc.com *.bytefcdn.com:* *.bytefcdnrd.com:* *.bytegoofy.com *.byteimg.com *.bytescm.com *.bytetcc.com *.bytetos.com *.douyincdn.com:* *.douyinliving.com:* *.douyinvod.com:* *.dy.zzcdnx.com:* *.hiecheimaetu.com:* *.hizhecheng.com:* *.huoshanlive.com:* *.ibytedapm.com *.idouyinvod.com:* *.ietheivaicai.com:* *.ihuoshanlive.com:* *.iquaveizeeru.com:* *.ixigua.com:* *.jomodns.com:* *.jomoxc.com *.jomoxd.com *.ksyungslb.com:* *.ksyungslb2.com:* *.livehwc3.cn:* *.node.ppio.cloud:* *.ourdvsss.com:* *.picovr.com:* *.ppio.cloud:* *.pstatp.com *.pstatp.com:* *.qc.bsccdn.net:* *.qnqcdn.net:* *.saxydc.com:* *.saxyit.com:* *.saxysec.com:* *.sealaly.net:* *.shidianguji.com *.siomxity.cn:* *.siomxity.com:* *.siomxity.net:* *.sjxydc.com:* *.sjxysec.com:* *.smogfly.cloud:* *.smogfly.club:* *.smtcdns.com:* *.smtcdns.net:* *.snssdk.com *.souajki.cn:* *.souajki.com:* *.souajki.net:* *.tbcache.com:* *.tt.x.bsgslb.cn:* *.ugslb.com:* *.uochly.cn:* *.vegslb.com:* *.volccdn.com:* *.volcsirius.com:* *.volcsiriusbd.com:* *.volctranscdn.com:* *.weilayun.com:* *.xsj.wasu.tv:* *.yhgfb-cn-static.com *.zebracdn.com:* *.zijieapi.com bytescm.com bytetos.com hm.baidu.com huatuo.cn.goofy.app ibytedapm.com shidianguji.com". The action has been blocked. @ https://lf-c-flwb.bytetos.com/obj/rc-client-security/web/glue/1.0.0.62/sdk-glue.js:1
[   22556ms] [ERROR] Fetch API cannot load https://firebaseinstallations.googleapis.com/v1/projects/byted-ucenter/installations. Refused to connect because it violates the document's Content Security Policy. @ https://lf-c-flwb.bytetos.com/obj/rc-client-security/web/glue/1.0.0.62/sdk-glue.js:1
[   22689ms] [ERROR] countVolumeVersion error {"errorCode":31000,"errorMsg":""} @ https://lf-welfare.amemv.com/obj/douyin-welfare-image/guji/shidian/744.22de8bc3.js:0
[   22733ms] [ERROR] TypeError: Failed to fetch
    at https://lf-c-flwb.bytetos.com/obj/rc-client-security/web/glue/1.0.0.62/sdk-glue.js:2:9809
    at Object.onRequest (eval at <anonymous> (https://lf-security.bytegoofy.com/obj/security-secsdk/runtime-v1.0.0.js:5:5036), <anonymous>:5:37813)
    at t.value (eval at <anonymous> (https://lf-security.bytegoofy.com/obj/security-secsdk/runtime-v1.0.0.js:5:5036), <anonymous>:5:33702)
    at t.value (eval at <anonymous> (https://lf-security.bytegoofy.com/obj/security-secsdk/runtime-v1.0.0.js:5:5036), <anonymous>:5:34210)
    at Object.l [as onRequest] (eval at <anonymous> (https://lf-security.bytegoofy.com/obj/security-secsdk/runtime-v1.0.0.js:5:5036), <anonymous>:5:35335)
    at window.fetch (eval at <anonymous> (https://lf-security.bytegoofy.com/obj/security-secsdk/runtime-v1.0.0.js:5:5036), <anonymous>:5:39177)
    at y (https://lf-c-flwb.bytetos.com/obj/rc-client-security/web/stable/1.0.1.16/bdms.js:2:131965)
    at X (https://lf-c-flwb.bytetos.com/obj/rc-client-security/web/stable/1.0.1.16/bdms.js:2:130419)
    at n (https://lf-c-flwb.bytetos.com/obj/rc-client-security/web/stable/1.0.1.16/bdms.js:2:130288)
    at Ts.window.fetch (https://lf-rc1.yhgfb-cn-static.com/obj/rc-verifycenter/sec_sdk_build/4.0.10/captcha/index.js:16:44602) @ :0
[   22736ms] Error: Typeset failed for chapter 1lzu4928m0xln: {"errorCode":31000,"errorMsg":""}
    at t.<anonymous> (https://lf-welfare.amemv.com/obj/douyin-welfare-image/guji/shidian/5084.9dcd5b77.js:1:192603)
    at Object.<anonymous> (https://lf-welfare.amemv.com/obj/douyin-welfare-image/guji/shidian/chunk/4080.342be056.js:1:224646)
    at n (https://lf-welfare.amemv.com/obj/douyin-welfare-image/guji/shidian/chunk/4080.342be056.js:1:217505)
    at u (https://lf-welfare.amemv.com/obj/douyin-welfare-image/guji/shidian/chunk/4080.342be056.js:1:217702)
[   22737ms] [ERROR] t: {"errorCode":31000,"errorMsg":""}
    at t.<anonymous> (https://lf-welfare.amemv.com/obj/douyin-welfare-image/guji/shidian/5084.9dcd5b77.js:1:192603)
    at Object.<anonymous> (https://lf-welfare.amemv.com/obj/douyin-welfare-image/guji/shidian/chunk/4080.342be056.js:1:224646)
    at n (https://lf-welfare.amemv.com/obj/douyin-welfare-image/guji/shidian/chunk/4080.342be056.js:1:217505)
    at u (https://lf-welfare.amemv.com/obj/douyin-welfare-image/guji/shidian/chunk/4080.342be056.js:1:217702) @ https://lf-welfare.amemv.com/obj/douyin-welfare-image/guji/shidian/9438.09bc5fb1.js:0
[   22904ms] Error: Typeset failed for chapter 1lzu4928m0xln: {"errorCode":31000,"errorMsg":""}
    at t.<anonymous> (https://lf-welfare.amemv.com/obj/douyin-welfare-image/guji/shidian/5084.9dcd5b77.js:1:192603)
    at Object.<anonymous> (https://lf-welfare.amemv.com/obj/douyin-welfare-image/guji/shidian/chunk/4080.342be056.js:1:224646)
    at n (https://lf-welfare.amemv.com/obj/douyin-welfare-image/guji/shidian/chunk/4080.342be056.js:1:217505)
    at u (https://lf-welfare.amemv.com/obj/douyin-welfare-image/guji/shidian/chunk/4080.342be056.js:1:217702)
