[     734ms] [WARNING] A parser-blocking, cross site (i.e. different eTLD+1) script, https://lf-security.bytegoofy.com/obj/security-secsdk/runtime-stable.js, is invoked via document.write. The network request for this script MAY be blocked by the browser in this or a future page load due to poor network connectivity. If blocked in this page load, it will be confirmed in a subsequent console message. See https://www.chromestatus.com/feature/5718547946799104 for more details. @ https://lf-security.bytegoofy.com/obj/security-secsdk/runtime-v1.0.0.js:4
[     734ms] [WARNING] A parser-blocking, cross site (i.e. different eTLD+1) script, https://lf-security.bytegoofy.com/obj/security-secsdk/runtime-stable.js, is invoked via document.write. The network request for this script MAY be blocked by the browser in this or a future page load due to poor network connectivity. If blocked in this page load, it will be confirmed in a subsequent console message. See https://www.chromestatus.com/feature/5718547946799104 for more details. @ https://lf-security.bytegoofy.com/obj/security-secsdk/runtime-v1.0.0.js:4
[     758ms] [WARNING] A parser-blocking, cross site (i.e. different eTLD+1) script, https://lf-security.bytegoofy.com/obj/security-secsdk/config_56.js, is invoked via document.write. The network request for this script MAY be blocked by the browser in this or a future page load due to poor network connectivity. If blocked in this page load, it will be confirmed in a subsequent console message. See https://www.chromestatus.com/feature/5718547946799104 for more details. @ https://lf-security.bytegoofy.com/obj/security-secsdk/runtime-stable.js:4
[     758ms] [WARNING] A parser-blocking, cross site (i.e. different eTLD+1) script, https://lf-security.bytegoofy.com/obj/security-secsdk/config_56.js, is invoked via document.write. The network request for this script MAY be blocked by the browser in this or a future page load due to poor network connectivity. If blocked in this page load, it will be confirmed in a subsequent console message. See https://www.chromestatus.com/feature/5718547946799104 for more details. @ https://lf-security.bytegoofy.com/obj/security-secsdk/runtime-stable.js:4
[     759ms] [WARNING] A parser-blocking, cross site (i.e. different eTLD+1) script, https://lf-security.bytegoofy.com/obj/security-secsdk/project_56.js, is invoked via document.write. The network request for this script MAY be blocked by the browser in this or a future page load due to poor network connectivity. If blocked in this page load, it will be confirmed in a subsequent console message. See https://www.chromestatus.com/feature/5718547946799104 for more details. @ https://lf-security.bytegoofy.com/obj/security-secsdk/runtime-stable.js:4
[     759ms] [WARNING] A parser-blocking, cross site (i.e. different eTLD+1) script, https://lf-security.bytegoofy.com/obj/security-secsdk/strategy_56.js?v=1, is invoked via document.write. The network request for this script MAY be blocked by the browser in this or a future page load due to poor network connectivity. If blocked in this page load, it will be confirmed in a subsequent console message. See https://www.chromestatus.com/feature/5718547946799104 for more details. @ https://lf-security.bytegoofy.com/obj/security-secsdk/runtime-stable.js:4
[    1537ms] [ERROR] Connecting to 'https://firebaseinstallations.googleapis.com/v1/projects/byted-ucenter/installations' violates the following Content Security Policy directive: "connect-src 'self' *.0kkkkkt.com:* *.a.bdycdn.cn *.amap.com:* *.amemv.com:* *.baidu.com:* *.bdxigualive.com:* *.bestv.com.cn:* *.byted-static.com *.bytedance.com *.bytedance.net *.bytednsdoc.com *.bytefcdn.com:* *.bytefcdnrd.com:* *.bytegoofy.com *.byteimg.com *.bytescm.com *.bytetcc.com *.bytetos.com *.douyincdn.com:* *.douyinliving.com:* *.douyinvod.com:* *.dy.zzcdnx.com:* *.hiecheimaetu.com:* *.hizhecheng.com:* *.huoshanlive.com:* *.ibytedapm.com *.idouyinvod.com:* *.ietheivaicai.com:* *.ihuoshanlive.com:* *.iquaveizeeru.com:* *.ixigua.com:* *.jomodns.com:* *.jomoxc.com *.jomoxd.com *.ksyungslb.com:* *.ksyungslb2.com:* *.livehwc3.cn:* *.node.ppio.cloud:* *.ourdvsss.com:* *.picovr.com:* *.ppio.cloud:* *.pstatp.com *.pstatp.com:* *.qc.bsccdn.net:* *.qnqcdn.net:* *.saxydc.com:* *.saxyit.com:* *.saxysec.com:* *.sealaly.net:* *.shidianguji.com *.siomxity.cn:* *.siomxity.com:* *.siomxity.net:* *.sjxydc.com:* *.sjxysec.com:* *.smogfly.cloud:* *.smogfly.club:* *.smtcdns.com:* *.smtcdns.net:* *.snssdk.com *.souajki.cn:* *.souajki.com:* *.souajki.net:* *.tbcache.com:* *.tt.x.bsgslb.cn:* *.ugslb.com:* *.uochly.cn:* *.vegslb.com:* *.volccdn.com:* *.volcsirius.com:* *.volcsiriusbd.com:* *.volctranscdn.com:* *.weilayun.com:* *.xsj.wasu.tv:* *.yhgfb-cn-static.com *.zebracdn.com:* *.zijieapi.com bytescm.com bytetos.com hm.baidu.com huatuo.cn.goofy.app ibytedapm.com shidianguji.com". The action has been blocked. @ https://lf-c-flwb.bytetos.com/obj/rc-client-security/web/glue/1.0.0.62/sdk-glue.js:1
[    1537ms] [ERROR] Fetch API cannot load https://firebaseinstallations.googleapis.com/v1/projects/byted-ucenter/installations. Refused to connect because it violates the document's Content Security Policy. @ https://lf-c-flwb.bytetos.com/obj/rc-client-security/web/glue/1.0.0.62/sdk-glue.js:1
[    1567ms] [ERROR] TypeError: Failed to fetch
    at window.fetch (https://lf-c-flwb.bytetos.com/obj/rc-client-security/web/glue/1.0.0.62/sdk-glue.js:2:9809)
    at Object.onRequest (https://lf-security.bytegoofy.com/obj/security-secsdk/runtime-stable.js:5:37813)
    at t.value (https://lf-security.bytegoofy.com/obj/security-secsdk/runtime-stable.js:5:33702)
    at t.value (https://lf-security.bytegoofy.com/obj/security-secsdk/runtime-stable.js:5:34210)
    at Object.l [as onRequest] (https://lf-security.bytegoofy.com/obj/security-secsdk/runtime-stable.js:5:35335)
    at window.fetch (https://lf-security.bytegoofy.com/obj/security-secsdk/runtime-stable.js:5:39177)
    at Ts.window.fetch (https://lf-rc1.yhgfb-cn-static.com/obj/rc-verifycenter/sec_sdk_build/4.0.10/captcha/index.js:16:44602)
    at y (https://lf-c-flwb.bytetos.com/obj/rc-client-security/web/stable/1.0.1.16/bdms.js:2:131965)
    at X (https://lf-c-flwb.bytetos.com/obj/rc-client-security/web/stable/1.0.1.16/bdms.js:2:130419)
    at n (https://lf-c-flwb.bytetos.com/obj/rc-client-security/web/stable/1.0.1.16/bdms.js:2:130288) @ :0
[    2181ms] [ERROR] countVolumeVersion error {"errorCode":31000,"errorMsg":""} @ https://lf-welfare.amemv.com/obj/douyin-welfare-image/guji/shidian/744.22de8bc3.js:0
[    2186ms] Error: Typeset failed for chapter 1l6393et3v4lc: {"errorCode":31000,"errorMsg":""}
    at t.<anonymous> (https://lf-welfare.amemv.com/obj/douyin-welfare-image/guji/shidian/5084.9dcd5b77.js:1:192603)
    at Object.<anonymous> (https://lf-welfare.amemv.com/obj/douyin-welfare-image/guji/shidian/chunk/4080.342be056.js:1:224646)
    at n (https://lf-welfare.amemv.com/obj/douyin-welfare-image/guji/shidian/chunk/4080.342be056.js:1:217505)
    at u (https://lf-welfare.amemv.com/obj/douyin-welfare-image/guji/shidian/chunk/4080.342be056.js:1:217702)
[    2294ms] [ERROR] t: {"errorCode":31000,"errorMsg":""}
    at t.<anonymous> (https://lf-welfare.amemv.com/obj/douyin-welfare-image/guji/shidian/5084.9dcd5b77.js:1:192603)
    at Object.<anonymous> (https://lf-welfare.amemv.com/obj/douyin-welfare-image/guji/shidian/chunk/4080.342be056.js:1:224646)
    at n (https://lf-welfare.amemv.com/obj/douyin-welfare-image/guji/shidian/chunk/4080.342be056.js:1:217505)
    at u (https://lf-welfare.amemv.com/obj/douyin-welfare-image/guji/shidian/chunk/4080.342be056.js:1:217702) @ https://lf-welfare.amemv.com/obj/douyin-welfare-image/guji/shidian/9438.09bc5fb1.js:0
[    2309ms] Error: Typeset failed for chapter 1l6393et3v4lc: {"errorCode":31000,"errorMsg":""}
    at t.<anonymous> (https://lf-welfare.amemv.com/obj/douyin-welfare-image/guji/shidian/5084.9dcd5b77.js:1:192603)
    at Object.<anonymous> (https://lf-welfare.amemv.com/obj/douyin-welfare-image/guji/shidian/chunk/4080.342be056.js:1:224646)
    at n (https://lf-welfare.amemv.com/obj/douyin-welfare-image/guji/shidian/chunk/4080.342be056.js:1:217505)
    at u (https://lf-welfare.amemv.com/obj/douyin-welfare-image/guji/shidian/chunk/4080.342be056.js:1:217702)
[    6210ms] [ERROR] Access to fetch at 'https://security.zijieapi.com/api/metrics/emit' from origin 'https://www.shidianguji.com' has been blocked by CORS policy: No 'Access-Control-Allow-Origin' header is present on the requested resource. @ https://www.shidianguji.com/book/XYXLZZY/chapter/1l6393et3v4lc:0
[    6210ms] [ERROR] Failed to load resource: net::ERR_FAILED @ https://security.zijieapi.com/api/metrics/emit:0
